<?xml version="1.0" encoding="UTF-8"?>
<!-- Generated by org.testng.reporters.JUnitReportReporter -->
<testsuite hostname="Agni" failures="0" tests="1" name="tutorialsNimja.register.TC_RF_001" time="12.012" errors="0" timestamp="2024-12-09T18:28:00 IST" skipped="0">
  <testcase classname="tutorialsNimja.register.TC_RF_001" name="verifyRegisterWithMandatoryField" time="12.012"/>
</testsuite> <!-- tutorialsNimja.register.TC_RF_001 -->
